# JRE version: OpenJDK Runtime Environment (8.0_242-b01) (build 1.8.0_242-release-1644-b01)
# Java VM: OpenJDK 64-Bit Server VM (25.242-b01 mixed mode windows-amd64 compressed oops)
Heap:
 PSYoungGen      total 347648K, used 70208K [0x00000000e0000000, 0x00000000f9000000, 0x0000000100000000)
  eden space 309248K, 10% used [0x00000000e0000000,0x00000000e1f11080,0x00000000f2e00000)
  from space 38400K, 99% used [0x00000000f3a00000,0x00000000f5f7f360,0x00000000f5f80000)
  to   space 49664K, 0% used [0x00000000f5f80000,0x00000000f5f80000,0x00000000f9000000)
 ParOldGen       total 143872K, used 61389K [0x00000000a0000000, 0x00000000a8c80000, 0x00000000e0000000)
  object space 143872K, 42% used [0x00000000a0000000,0x00000000a3bf3408,0x00000000a8c80000)
 Metaspace       used 86822K, capacity 90172K, committed 90240K, reserved 1128448K
  class space    used 11113K, capacity 11838K, committed 11904K, reserved 1048576K
GC Heap History (10 events):
Event: 98.939 GC heap before
{Heap before GC invocations=16 (full 3):
 PSYoungGen      total 247296K, used 246440K [0x00000000e0000000, 0x00000000f1000000, 0x0000000100000000)
  eden space 228352K, 100% used [0x00000000e0000000,0x00000000edf00000,0x00000000edf00000)
  from space 18944K, 95% used [0x00000000efd80000,0x00000000f0f2a178,0x00000000f1000000)
  to   space 25088K, 0% used [0x00000000edf00000,0x00000000edf00000,0x00000000ef780000)
 ParOldGen       total 143872K, used 35415K [0x00000000a0000000, 0x00000000a8c80000, 0x00000000e0000000)
  object space 143872K, 24% used [0x00000000a0000000,0x00000000a2295d70,0x00000000a8c80000)
 Metaspace       used 73728K, capacity 76088K, committed 76416K, reserved 1116160K
  class space    used 9796K, capacity 10259K, committed 10368K, reserved 1048576K
Event: 98.955 GC heap after
Heap after GC invocations=16 (full 3):
 PSYoungGen      total 253440K, used 18049K [0x00000000e0000000, 0x00000000f4a00000, 0x0000000100000000)
  eden space 228352K, 0% used [0x00000000e0000000,0x00000000e0000000,0x00000000edf00000)
  from space 25088K, 71% used [0x00000000edf00000,0x00000000ef0a05f0,0x00000000ef780000)
  to   space 26112K, 0% used [0x00000000f3080000,0x00000000f3080000,0x00000000f4a00000)
 ParOldGen       total 143872K, used 35423K [0x00000000a0000000, 0x00000000a8c80000, 0x00000000e0000000)
  object space 143872K, 24% used [0x00000000a0000000,0x00000000a2297d70,0x00000000a8c80000)
 Metaspace       used 73728K, capacity 76088K, committed 76416K, reserved 1116160K
  class space    used 9796K, capacity 10259K, committed 10368K, reserved 1048576K
}
Event: 114.429 GC heap before
{Heap before GC invocations=17 (full 3):
 PSYoungGen      total 253440K, used 246401K [0x00000000e0000000, 0x00000000f4a00000, 0x0000000100000000)
  eden space 228352K, 100% used [0x00000000e0000000,0x00000000edf00000,0x00000000edf00000)
  from space 25088K, 71% used [0x00000000edf00000,0x00000000ef0a05f0,0x00000000ef780000)
  to   space 26112K, 0% used [0x00000000f3080000,0x00000000f3080000,0x00000000f4a00000)
 ParOldGen       total 143872K, used 35423K [0x00000000a0000000, 0x00000000a8c80000, 0x00000000e0000000)
  object space 143872K, 24% used [0x00000000a0000000,0x00000000a2297d70,0x00000000a8c80000)
 Metaspace       used 74562K, capacity 76878K, committed 77184K, reserved 1116160K
  class space    used 9845K, capacity 10298K, committed 10368K, reserved 1048576K
Event: 114.450 GC heap after
Heap after GC invocations=17 (full 3):
 PSYoungGen      total 298496K, used 20532K [0x00000000e0000000, 0x00000000f4500000, 0x0000000100000000)
  eden space 277504K, 0% used [0x00000000e0000000,0x00000000e0000000,0x00000000f0f00000)
  from space 20992K, 97% used [0x00000000f3080000,0x00000000f448d2b0,0x00000000f4500000)
  to   space 27648K, 0% used [0x00000000f0f00000,0x00000000f0f00000,0x00000000f2a00000)
 ParOldGen       total 143872K, used 35431K [0x00000000a0000000, 0x00000000a8c80000, 0x00000000e0000000)
  object space 143872K, 24% used [0x00000000a0000000,0x00000000a2299d70,0x00000000a8c80000)
 Metaspace       used 74562K, capacity 76878K, committed 77184K, reserved 1116160K
  class space    used 9845K, capacity 10298K, committed 10368K, reserved 1048576K
}
Event: 134.647 GC heap before
{Heap before GC invocations=18 (full 3):
 PSYoungGen      total 298496K, used 298036K [0x00000000e0000000, 0x00000000f4500000, 0x0000000100000000)
  eden space 277504K, 100% used [0x00000000e0000000,0x00000000f0f00000,0x00000000f0f00000)
  from space 20992K, 97% used [0x00000000f3080000,0x00000000f448d2b0,0x00000000f4500000)
  to   space 27648K, 0% used [0x00000000f0f00000,0x00000000f0f00000,0x00000000f2a00000)
 ParOldGen       total 143872K, used 35431K [0x00000000a0000000, 0x00000000a8c80000, 0x00000000e0000000)
  object space 143872K, 24% used [0x00000000a0000000,0x00000000a2299d70,0x00000000a8c80000)
 Metaspace       used 77773K, capacity 80490K, committed 80768K, reserved 1120256K
  class space    used 10248K, capacity 10810K, committed 10880K, reserved 1048576K
Event: 134.691 GC heap after
Heap after GC invocations=18 (full 3):
 PSYoungGen      total 305152K, used 26469K [0x00000000e0000000, 0x00000000f7d80000, 0x0000000100000000)
  eden space 277504K, 0% used [0x00000000e0000000,0x00000000e0000000,0x00000000f0f00000)
  from space 27648K, 95% used [0x00000000f0f00000,0x00000000f28d96c8,0x00000000f2a00000)
  to   space 30720K, 0% used [0x00000000f5f80000,0x00000000f5f80000,0x00000000f7d80000)
 ParOldGen       total 143872K, used 35439K [0x00000000a0000000, 0x00000000a8c80000, 0x00000000e0000000)
  object space 143872K, 24% used [0x00000000a0000000,0x00000000a229bd70,0x00000000a8c80000)
 Metaspace       used 77773K, capacity 80490K, committed 80768K, reserved 1120256K
  class space    used 10248K, capacity 10810K, committed 10880K, reserved 1048576K
}
Event: 150.139 GC heap before
{Heap before GC invocations=19 (full 3):
 PSYoungGen      total 305152K, used 303973K [0x00000000e0000000, 0x00000000f7d80000, 0x0000000100000000)
  eden space 277504K, 100% used [0x00000000e0000000,0x00000000f0f00000,0x00000000f0f00000)
  from space 27648K, 95% used [0x00000000f0f00000,0x00000000f28d96c8,0x00000000f2a00000)
  to   space 30720K, 0% used [0x00000000f5f80000,0x00000000f5f80000,0x00000000f7d80000)
 ParOldGen       total 143872K, used 35439K [0x00000000a0000000, 0x00000000a8c80000, 0x00000000e0000000)
  object space 143872K, 24% used [0x00000000a0000000,0x00000000a229bd70,0x00000000a8c80000)
 Metaspace       used 78908K, capacity 81696K, committed 81920K, reserved 1120256K
  class space    used 10348K, capacity 10893K, committed 11008K, reserved 1048576K
Event: 150.172 GC heap after
Heap after GC invocations=19 (full 3):
 PSYoungGen      total 352256K, used 30689K [0x00000000e0000000, 0x00000000f8580000, 0x0000000100000000)
  eden space 321536K, 0% used [0x00000000e0000000,0x00000000e0000000,0x00000000f3a00000)
  from space 30720K, 99% used [0x00000000f5f80000,0x00000000f7d78738,0x00000000f7d80000)
  to   space 38400K, 0% used [0x00000000f3a00000,0x00000000f3a00000,0x00000000f5f80000)
 ParOldGen       total 143872K, used 43899K [0x00000000a0000000, 0x00000000a8c80000, 0x00000000e0000000)
  object space 143872K, 30% used [0x00000000a0000000,0x00000000a2aded38,0x00000000a8c80000)
 Metaspace       used 78908K, capacity 81696K, committed 81920K, reserved 1120256K
  class space    used 10348K, capacity 10893K, committed 11008K, reserved 1048576K
}
Event: 8851.899 GC heap before
{Heap before GC invocations=20 (full 3):
 PSYoungGen      total 352256K, used 352225K [0x00000000e0000000, 0x00000000f8580000, 0x0000000100000000)
  eden space 321536K, 100% used [0x00000000e0000000,0x00000000f3a00000,0x00000000f3a00000)
  from space 30720K, 99% used [0x00000000f5f80000,0x00000000f7d78738,0x00000000f7d80000)
  to   space 38400K, 0% used [0x00000000f3a00000,0x00000000f3a00000,0x00000000f5f80000)
 ParOldGen       total 143872K, used 43899K [0x00000000a0000000, 0x00000000a8c80000, 0x00000000e0000000)
  object space 143872K, 30% used [0x00000000a0000000,0x00000000a2aded38,0x00000000a8c80000)
 Metaspace       used 86340K, capacity 89548K, committed 89856K, reserved 1128448K
  class space    used 11044K, capacity 11710K, committed 11776K, reserved 1048576K
Event: 8865.616 GC heap after
Heap after GC invocations=20 (full 3):
 PSYoungGen      total 347648K, used 38396K [0x00000000e0000000, 0x00000000f9000000, 0x0000000100000000)
  eden space 309248K, 0% used [0x00000000e0000000,0x00000000e0000000,0x00000000f2e00000)
  from space 38400K, 99% used [0x00000000f3a00000,0x00000000f5f7f360,0x00000000f5f80000)
  to   space 49664K, 0% used [0x00000000f5f80000,0x00000000f5f80000,0x00000000f9000000)
 ParOldGen       total 143872K, used 61389K [0x00000000a0000000, 0x00000000a8c80000, 0x00000000e0000000)
  object space 143872K, 42% used [0x00000000a0000000,0x00000000a3bf3408,0x00000000a8c80000)
 Metaspace       used 86340K, capacity 89548K, committed 89856K, reserved 1128448K
  class space    used 11044K, capacity 11710K, committed 11776K, reserved 1048576K
}

