# JRE version: OpenJDK Runtime Environment (8.0_212-b04) (build 1.8.0_212-release-1586-b04)
# Java VM: OpenJDK 64-Bit Server VM (25.212-b04 mixed mode windows-amd64 compressed oops)
Heap:
 PSYoungGen      total 38400K, used 25612K [0x00000000d5c00000, 0x00000000d8680000, 0x0000000100000000)
  eden space 33280K, 61% used [0x00000000d5c00000,0x00000000d70036e0,0x00000000d7c80000)
  from space 5120K, 99% used [0x00000000d8180000,0x00000000d867f988,0x00000000d8680000)
  to   space 5120K, 0% used [0x00000000d7c80000,0x00000000d7c80000,0x00000000d8180000)
 ParOldGen       total 65024K, used 8542K [0x0000000081400000, 0x0000000085380000, 0x00000000d5c00000)
  object space 65024K, 13% used [0x0000000081400000,0x0000000081c57a68,0x0000000085380000)
 Metaspace       used 19494K, capacity 19888K, committed 20096K, reserved 1067008K
  class space    used 2303K, capacity 2420K, committed 2432K, reserved 1048576K
GC Heap History (6 events):
Event: 0.769 GC heap before
{Heap before GC invocations=1 (full 0):
 PSYoungGen      total 38400K, used 25976K [0x00000000d5c00000, 0x00000000d8680000, 0x0000000100000000)
  eden space 33280K, 78% used [0x00000000d5c00000,0x00000000d755e260,0x00000000d7c80000)
  from space 5120K, 0% used [0x00000000d8180000,0x00000000d8180000,0x00000000d8680000)
  to   space 5120K, 0% used [0x00000000d7c80000,0x00000000d7c80000,0x00000000d8180000)
 ParOldGen       total 87552K, used 0K [0x0000000081400000, 0x0000000086980000, 0x00000000d5c00000)
  object space 87552K, 0% used [0x0000000081400000,0x0000000081400000,0x0000000086980000)
 Metaspace       used 8900K, capacity 9168K, committed 9216K, reserved 1060864K
  class space    used 965K, capacity 1022K, committed 1024K, reserved 1048576K
Event: 0.775 GC heap after
Heap after GC invocations=1 (full 0):
 PSYoungGen      total 38400K, used 5111K [0x00000000d5c00000, 0x00000000d8680000, 0x0000000100000000)
  eden space 33280K, 0% used [0x00000000d5c00000,0x00000000d5c00000,0x00000000d7c80000)
  from space 5120K, 99% used [0x00000000d7c80000,0x00000000d817df28,0x00000000d8180000)
  to   space 5120K, 0% used [0x00000000d8180000,0x00000000d8180000,0x00000000d8680000)
 ParOldGen       total 87552K, used 1016K [0x0000000081400000, 0x0000000086980000, 0x00000000d5c00000)
  object space 87552K, 1% used [0x0000000081400000,0x00000000814fe300,0x0000000086980000)
 Metaspace       used 8900K, capacity 9168K, committed 9216K, reserved 1060864K
  class space    used 965K, capacity 1022K, committed 1024K, reserved 1048576K
}
Event: 0.775 GC heap before
{Heap before GC invocations=2 (full 1):
 PSYoungGen      total 38400K, used 5111K [0x00000000d5c00000, 0x00000000d8680000, 0x0000000100000000)
  eden space 33280K, 0% used [0x00000000d5c00000,0x00000000d5c00000,0x00000000d7c80000)
  from space 5120K, 99% used [0x00000000d7c80000,0x00000000d817df28,0x00000000d8180000)
  to   space 5120K, 0% used [0x00000000d8180000,0x00000000d8180000,0x00000000d8680000)
 ParOldGen       total 87552K, used 1016K [0x0000000081400000, 0x0000000086980000, 0x00000000d5c00000)
  object space 87552K, 1% used [0x0000000081400000,0x00000000814fe300,0x0000000086980000)
 Metaspace       used 8900K, capacity 9168K, committed 9216K, reserved 1060864K
  class space    used 965K, capacity 1022K, committed 1024K, reserved 1048576K
Event: 0.790 GC heap after
Heap after GC invocations=2 (full 1):
 PSYoungGen      total 38400K, used 0K [0x00000000d5c00000, 0x00000000d8680000, 0x0000000100000000)
  eden space 33280K, 0% used [0x00000000d5c00000,0x00000000d5c00000,0x00000000d7c80000)
  from space 5120K, 0% used [0x00000000d7c80000,0x00000000d7c80000,0x00000000d8180000)
  to   space 5120K, 0% used [0x00000000d8180000,0x00000000d8180000,0x00000000d8680000)
 ParOldGen       total 65024K, used 5787K [0x0000000081400000, 0x0000000085380000, 0x00000000d5c00000)
  object space 65024K, 8% used [0x0000000081400000,0x00000000819a6c08,0x0000000085380000)
 Metaspace       used 8900K, capacity 9168K, committed 9216K, reserved 1058816K
  class space    used 965K, capacity 1022K, committed 1024K, reserved 1048576K
}
Event: 1.468 GC heap before
{Heap before GC invocations=3 (full 1):
 PSYoungGen      total 38400K, used 33280K [0x00000000d5c00000, 0x00000000d8680000, 0x0000000100000000)
  eden space 33280K, 100% used [0x00000000d5c00000,0x00000000d7c80000,0x00000000d7c80000)
  from space 5120K, 0% used [0x00000000d7c80000,0x00000000d7c80000,0x00000000d8180000)
  to   space 5120K, 0% used [0x00000000d8180000,0x00000000d8180000,0x00000000d8680000)
 ParOldGen       total 65024K, used 5787K [0x0000000081400000, 0x0000000085380000, 0x00000000d5c00000)
  object space 65024K, 8% used [0x0000000081400000,0x00000000819a6c08,0x0000000085380000)
 Metaspace       used 14537K, capacity 14892K, committed 15104K, reserved 1062912K
  class space    used 1688K, capacity 1774K, committed 1792K, reserved 1048576K
Event: 1.476 GC heap after
Heap after GC invocations=3 (full 1):
 PSYoungGen      total 38400K, used 5118K [0x00000000d5c00000, 0x00000000d8680000, 0x0000000100000000)
  eden space 33280K, 0% used [0x00000000d5c00000,0x00000000d5c00000,0x00000000d7c80000)
  from space 5120K, 99% used [0x00000000d8180000,0x00000000d867f988,0x00000000d8680000)
  to   space 5120K, 0% used [0x00000000d7c80000,0x00000000d7c80000,0x00000000d8180000)
 ParOldGen       total 65024K, used 8542K [0x0000000081400000, 0x0000000085380000, 0x00000000d5c00000)
  object space 65024K, 13% used [0x0000000081400000,0x0000000081c57a68,0x0000000085380000)
 Metaspace       used 14537K, capacity 14892K, committed 15104K, reserved 1062912K
  class space    used 1688K, capacity 1774K, committed 1792K, reserved 1048576K
}

