# JRE version: OpenJDK Runtime Environment (8.0_212-b04) (build 1.8.0_212-release-1586-b04)
# Java VM: OpenJDK 64-Bit Server VM (25.212-b04 mixed mode windows-amd64 compressed oops)
Heap:
 PSYoungGen      total 53760K, used 12956K [0x00000000d5c00000, 0x00000000da700000, 0x0000000100000000)
  eden space 48640K, 16% used [0x00000000d5c00000,0x00000000d63ae9b0,0x00000000d8b80000)
  from space 5120K, 99% used [0x00000000d9d00000,0x00000000da1f8918,0x00000000da200000)
  to   space 5120K, 0% used [0x00000000da200000,0x00000000da200000,0x00000000da700000)
 ParOldGen       total 65536K, used 22942K [0x0000000081400000, 0x0000000085400000, 0x00000000d5c00000)
  object space 65536K, 35% used [0x0000000081400000,0x0000000082a67b20,0x0000000085400000)
 Metaspace       used 34090K, capacity 34596K, committed 34816K, reserved 1079296K
  class space    used 4344K, capacity 4491K, committed 4608K, reserved 1048576K
GC Heap History (10 events):
Event: 1.607 GC heap before
{Heap before GC invocations=2 (full 0):
 PSYoungGen      total 38400K, used 38398K [0x00000000d5c00000, 0x00000000d8680000, 0x0000000100000000)
  eden space 33280K, 100% used [0x00000000d5c00000,0x00000000d7c80000,0x00000000d7c80000)
  from space 5120K, 99% used [0x00000000d7c80000,0x00000000d817f8b8,0x00000000d8180000)
  to   space 5120K, 0% used [0x00000000d8180000,0x00000000d8180000,0x00000000d8680000)
 ParOldGen       total 87552K, used 2707K [0x0000000081400000, 0x0000000086980000, 0x00000000d5c00000)
  object space 87552K, 3% used [0x0000000081400000,0x00000000816a4da8,0x0000000086980000)
 Metaspace       used 16090K, capacity 16432K, committed 16640K, reserved 1064960K
  class space    used 1897K, capacity 1990K, committed 2048K, reserved 1048576K
Event: 1.617 GC heap after
Heap after GC invocations=2 (full 0):
 PSYoungGen      total 38400K, used 5103K [0x00000000d5c00000, 0x00000000da700000, 0x0000000100000000)
  eden space 33280K, 0% used [0x00000000d5c00000,0x00000000d5c00000,0x00000000d7c80000)
  from space 5120K, 99% used [0x00000000d8180000,0x00000000d867bc10,0x00000000d8680000)
  to   space 5120K, 0% used [0x00000000d7c80000,0x00000000d7c80000,0x00000000d8180000)
 ParOldGen       total 87552K, used 7668K [0x0000000081400000, 0x0000000086980000, 0x00000000d5c00000)
  object space 87552K, 8% used [0x0000000081400000,0x0000000081b7d2e8,0x0000000086980000)
 Metaspace       used 16090K, capacity 16432K, committed 16640K, reserved 1064960K
  class space    used 1897K, capacity 1990K, committed 2048K, reserved 1048576K
}
Event: 1.959 GC heap before
{Heap before GC invocations=3 (full 0):
 PSYoungGen      total 38400K, used 20718K [0x00000000d5c00000, 0x00000000da700000, 0x0000000100000000)
  eden space 33280K, 46% used [0x00000000d5c00000,0x00000000d6b3ff40,0x00000000d7c80000)
  from space 5120K, 99% used [0x00000000d8180000,0x00000000d867bc10,0x00000000d8680000)
  to   space 5120K, 0% used [0x00000000d7c80000,0x00000000d7c80000,0x00000000d8180000)
 ParOldGen       total 87552K, used 7668K [0x0000000081400000, 0x0000000086980000, 0x00000000d5c00000)
  object space 87552K, 8% used [0x0000000081400000,0x0000000081b7d2e8,0x0000000086980000)
 Metaspace       used 20723K, capacity 21152K, committed 21296K, reserved 1069056K
  class space    used 2460K, capacity 2628K, committed 2688K, reserved 1048576K
Event: 1.966 GC heap after
Heap after GC invocations=3 (full 0):
 PSYoungGen      total 38400K, used 5107K [0x00000000d5c00000, 0x00000000da700000, 0x0000000100000000)
  eden space 33280K, 0% used [0x00000000d5c00000,0x00000000d5c00000,0x00000000d7c80000)
  from space 5120K, 99% used [0x00000000d7c80000,0x00000000d817cc40,0x00000000d8180000)
  to   space 5120K, 0% used [0x00000000da200000,0x00000000da200000,0x00000000da700000)
 ParOldGen       total 87552K, used 11246K [0x0000000081400000, 0x0000000086980000, 0x00000000d5c00000)
  object space 87552K, 12% used [0x0000000081400000,0x0000000081efba48,0x0000000086980000)
 Metaspace       used 20723K, capacity 21152K, committed 21296K, reserved 1069056K
  class space    used 2460K, capacity 2628K, committed 2688K, reserved 1048576K
}
Event: 1.966 GC heap before
{Heap before GC invocations=4 (full 1):
 PSYoungGen      total 38400K, used 5107K [0x00000000d5c00000, 0x00000000da700000, 0x0000000100000000)
  eden space 33280K, 0% used [0x00000000d5c00000,0x00000000d5c00000,0x00000000d7c80000)
  from space 5120K, 99% used [0x00000000d7c80000,0x00000000d817cc40,0x00000000d8180000)
  to   space 5120K, 0% used [0x00000000da200000,0x00000000da200000,0x00000000da700000)
 ParOldGen       total 87552K, used 11246K [0x0000000081400000, 0x0000000086980000, 0x00000000d5c00000)
  object space 87552K, 12% used [0x0000000081400000,0x0000000081efba48,0x0000000086980000)
 Metaspace       used 20723K, capacity 21152K, committed 21296K, reserved 1069056K
  class space    used 2460K, capacity 2628K, committed 2688K, reserved 1048576K
Event: 2.000 GC heap after
Heap after GC invocations=4 (full 1):
 PSYoungGen      total 38400K, used 0K [0x00000000d5c00000, 0x00000000da700000, 0x0000000100000000)
  eden space 33280K, 0% used [0x00000000d5c00000,0x00000000d5c00000,0x00000000d7c80000)
  from space 5120K, 0% used [0x00000000d7c80000,0x00000000d7c80000,0x00000000d8180000)
  to   space 5120K, 0% used [0x00000000da200000,0x00000000da200000,0x00000000da700000)
 ParOldGen       total 65536K, used 8515K [0x0000000081400000, 0x0000000085400000, 0x00000000d5c00000)
  object space 65536K, 12% used [0x0000000081400000,0x0000000081c50c50,0x0000000085400000)
 Metaspace       used 20723K, capacity 21152K, committed 21296K, reserved 1069056K
  class space    used 2460K, capacity 2628K, committed 2688K, reserved 1048576K
}
Event: 2.672 GC heap before
{Heap before GC invocations=5 (full 1):
 PSYoungGen      total 38400K, used 33280K [0x00000000d5c00000, 0x00000000da700000, 0x0000000100000000)
  eden space 33280K, 100% used [0x00000000d5c00000,0x00000000d7c80000,0x00000000d7c80000)
  from space 5120K, 0% used [0x00000000d7c80000,0x00000000d7c80000,0x00000000d8180000)
  to   space 5120K, 0% used [0x00000000da200000,0x00000000da200000,0x00000000da700000)
 ParOldGen       total 65536K, used 8515K [0x0000000081400000, 0x0000000085400000, 0x00000000d5c00000)
  object space 65536K, 12% used [0x0000000081400000,0x0000000081c50c50,0x0000000085400000)
 Metaspace       used 24110K, capacity 24592K, committed 24832K, reserved 1071104K
  class space    used 2891K, capacity 3058K, committed 3072K, reserved 1048576K
Event: 2.682 GC heap after
Heap after GC invocations=5 (full 1):
 PSYoungGen      total 53760K, used 5118K [0x00000000d5c00000, 0x00000000da700000, 0x0000000100000000)
  eden space 48640K, 0% used [0x00000000d5c00000,0x00000000d5c00000,0x00000000d8b80000)
  from space 5120K, 99% used [0x00000000da200000,0x00000000da6ffad8,0x00000000da700000)
  to   space 5120K, 0% used [0x00000000d9d00000,0x00000000d9d00000,0x00000000da200000)
 ParOldGen       total 65536K, used 10789K [0x0000000081400000, 0x0000000085400000, 0x00000000d5c00000)
  object space 65536K, 16% used [0x0000000081400000,0x0000000081e89768,0x0000000085400000)
 Metaspace       used 24110K, capacity 24592K, committed 24832K, reserved 1071104K
  class space    used 2891K, capacity 3058K, committed 3072K, reserved 1048576K
}
Event: 3.671 GC heap before
{Heap before GC invocations=6 (full 1):
 PSYoungGen      total 53760K, used 53758K [0x00000000d5c00000, 0x00000000da700000, 0x0000000100000000)
  eden space 48640K, 100% used [0x00000000d5c00000,0x00000000d8b80000,0x00000000d8b80000)
  from space 5120K, 99% used [0x00000000da200000,0x00000000da6ffad8,0x00000000da700000)
  to   space 5120K, 0% used [0x00000000d9d00000,0x00000000d9d00000,0x00000000da200000)
 ParOldGen       total 65536K, used 10789K [0x0000000081400000, 0x0000000085400000, 0x00000000d5c00000)
  object space 65536K, 16% used [0x0000000081400000,0x0000000081e89768,0x0000000085400000)
 Metaspace       used 32753K, capacity 33222K, committed 33408K, reserved 1079296K
  class space    used 4231K, capacity 4382K, committed 4480K, reserved 1048576K
Event: 3.684 GC heap after
Heap after GC invocations=6 (full 1):
 PSYoungGen      total 53760K, used 5090K [0x00000000d5c00000, 0x00000000da700000, 0x0000000100000000)
  eden space 48640K, 0% used [0x00000000d5c00000,0x00000000d5c00000,0x00000000d8b80000)
  from space 5120K, 99% used [0x00000000d9d00000,0x00000000da1f8918,0x00000000da200000)
  to   space 5120K, 0% used [0x00000000da200000,0x00000000da200000,0x00000000da700000)
 ParOldGen       total 65536K, used 22942K [0x0000000081400000, 0x0000000085400000, 0x00000000d5c00000)
  object space 65536K, 35% used [0x0000000081400000,0x0000000082a67b20,0x0000000085400000)
 Metaspace       used 32753K, capacity 33222K, committed 33408K, reserved 1079296K
  class space    used 4231K, capacity 4382K, committed 4480K, reserved 1048576K
}

